<?xml version="1.0" encoding="UTF-8"?>
<robot generator="Robot 4.0.3 (Python 3.8.5 on win32)" generated="20210707 11:48:19.848" rpa="false" schemaversion="2">
<suite id="s1" name="Selenium Test" source="C:\Users\saravananbabhujs\Desktop\TestingRobot\Selenium Suite\Selenium_Test.robot">
<test id="s1-t1" name="TC4 Testing">
<kw name="Close Browser" library="SeleniumLibrary">
<doc>Closes the current browser.</doc>
<status status="PASS" starttime="20210707 11:48:20.135" endtime="20210707 11:48:20.135"/>
</kw>
<kw name="Append To Environment Variable" library="OperatingSystem">
<arg>path</arg>
<arg>D:\\chromedriver</arg>
<doc>Appends given ``values`` to environment variable ``name``.</doc>
<msg timestamp="20210707 11:48:20.136" level="INFO">Environment variable 'path' set to value 'C:\Users\saravananbabhujs\Desktop\TestingRobot\venv\Scripts;C:\Program Files (x86)\Common Files\Oracle\Java\javapath;C:\WINDOWS\system32;C:\WINDOWS;C:\WINDOWS\System32\Wbem;C:\WINDOWS\System32\WindowsPowerShell\v1.0\;C:\WINDOWS\System32\OpenSSH\;C:\Program Files (x86)\Webex\Webex\Applications;C:\Program Files (x86)\Sennheiser\SenncomSDK\;C:\Program Files\Git\cmd;C:\Users\saravananbabhujs\AppData\Local\Programs\Python\Python38-32\Scripts\;C:\Users\saravananbabhujs\AppData\Local\Programs\Python\Python38-32\;C:\Users\saravananbabhujs\AppData\Local\Microsoft\WindowsApps;C:\Program Files\JetBrains\PyCharm Community Edition 2020.2.1\bin;;;D:\chromedriver'.</msg>
<status status="PASS" starttime="20210707 11:48:20.136" endtime="20210707 11:48:20.136"/>
</kw>
<kw name="Open Browser" library="SeleniumLibrary">
<arg>url=http://demo.openemr.io/b/openemr/interface/login/login.php?site=default</arg>
<arg>browser=chrome</arg>
<doc>Opens a new browser instance to the optional ``url``.</doc>
<msg timestamp="20210707 11:48:20.137" level="INFO">Opening browser 'chrome' to base url 'http://demo.openemr.io/b/openemr/interface/login/login.php?site=default'.</msg>
<status status="PASS" starttime="20210707 11:48:20.136" endtime="20210707 11:48:25.377"/>
</kw>
<kw name="Maximize Browser Window" library="SeleniumLibrary">
<doc>Maximizes current browser window.</doc>
<status status="PASS" starttime="20210707 11:48:25.378" endtime="20210707 11:48:25.511"/>
</kw>
<kw name="Set Selenium Implicit Wait" library="SeleniumLibrary">
<arg>30s</arg>
<doc>Sets the implicit wait value used by Selenium.</doc>
<status status="PASS" starttime="20210707 11:48:25.511" endtime="20210707 11:48:25.513"/>
</kw>
<kw name="Input Text" library="SeleniumLibrary">
<arg>xpath=//input[@id='authUser']</arg>
<arg>admin</arg>
<doc>Types the given ``text`` into the text field identified by ``locator``.</doc>
<msg timestamp="20210707 11:48:25.514" level="INFO">Typing text 'admin' into text field 'xpath=//input[@id='authUser']'.</msg>
<status status="PASS" starttime="20210707 11:48:25.514" endtime="20210707 11:48:25.654"/>
</kw>
<kw name="Input Password" library="SeleniumLibrary">
<arg>xpath=//input[@id='clearPass']</arg>
<arg>pass</arg>
<doc>Types the given password into the text field identified by ``locator``.</doc>
<msg timestamp="20210707 11:48:25.656" level="INFO">Typing password into text field 'xpath=//input[@id='clearPass']'.</msg>
<msg timestamp="20210707 11:48:25.712" level="INFO">Temporally setting log level to: NONE</msg>
<msg timestamp="20210707 11:48:25.769" level="INFO">Log level changed from NONE to INFO.</msg>
<status status="PASS" starttime="20210707 11:48:25.655" endtime="20210707 11:48:25.769"/>
</kw>
<kw name="Select From List By Label" library="SeleniumLibrary">
<arg>xpath=//select[@name='languageChoice']</arg>
<arg>English (Indian)</arg>
<doc>Selects options from selection list ``locator`` by ``labels``.</doc>
<msg timestamp="20210707 11:48:25.770" level="INFO">Selecting options from selection list 'xpath=//select[@name='languageChoice']' by label English (Indian).</msg>
<status status="PASS" starttime="20210707 11:48:25.770" endtime="20210707 11:48:25.877"/>
</kw>
<kw name="Click Button" library="SeleniumLibrary">
<arg>xpath=//button[text()[contains(.,'Login')]]</arg>
<doc>Clicks the button identified by ``locator``.</doc>
<msg timestamp="20210707 11:48:25.878" level="INFO">Clicking button 'xpath=//button[text()[contains(.,'Login')]]'.</msg>
<status status="PASS" starttime="20210707 11:48:25.877" endtime="20210707 11:48:29.584"/>
</kw>
<kw name="Get Title" library="SeleniumLibrary">
<var>${title}</var>
<doc>Returns the title of the current page.</doc>
<msg timestamp="20210707 11:48:29.593" level="INFO">${title} = OpenEMR</msg>
<status status="PASS" starttime="20210707 11:48:29.585" endtime="20210707 11:48:29.593"/>
</kw>
<kw name="Log" library="BuiltIn">
<arg>${title}</arg>
<doc>Logs the given message with the given level.</doc>
<msg timestamp="20210707 11:48:29.594" level="INFO">OpenEMR</msg>
<status status="PASS" starttime="20210707 11:48:29.593" endtime="20210707 11:48:29.594"/>
</kw>
<kw name="Log To Console" library="BuiltIn">
<arg>${title}</arg>
<doc>Logs the given message to the console.</doc>
<status status="PASS" starttime="20210707 11:48:29.595" endtime="20210707 11:48:29.595"/>
</kw>
<kw name="Mouse Over" library="SeleniumLibrary">
<arg>//div[@role="button" and .='Patient/Client']</arg>
<doc>Simulates hovering the mouse over the element ``locator``.</doc>
<msg timestamp="20210707 11:48:29.596" level="INFO">Simulating Mouse Over on element '//div[@role="button" and .='Patient/Client']'.</msg>
<status status="PASS" starttime="20210707 11:48:29.596" endtime="20210707 11:48:29.881"/>
</kw>
<kw name="Sleep" library="BuiltIn">
<arg>2s</arg>
<doc>Pauses the test executed for the given time.</doc>
<msg timestamp="20210707 11:48:31.896" level="INFO">Slept 2 seconds</msg>
<status status="PASS" starttime="20210707 11:48:29.881" endtime="20210707 11:48:31.896"/>
</kw>
<kw name="Mouse Over" library="SeleniumLibrary">
<arg>//div[.='Patients']</arg>
<doc>Simulates hovering the mouse over the element ``locator``.</doc>
<msg timestamp="20210707 11:48:31.897" level="INFO">Simulating Mouse Over on element '//div[.='Patients']'.</msg>
<status status="PASS" starttime="20210707 11:48:31.897" endtime="20210707 11:48:32.174"/>
</kw>
<kw name="Click Element" library="SeleniumLibrary">
<arg>//div[.='Patients']</arg>
<doc>Click the element identified by ``locator``.</doc>
<msg timestamp="20210707 11:48:32.176" level="INFO">Clicking element '//div[.='Patients']'.</msg>
<status status="PASS" starttime="20210707 11:48:32.175" endtime="20210707 11:48:32.227"/>
</kw>
<kw name="Select Frame" library="SeleniumLibrary">
<arg>//iframe[@name="fin"]</arg>
<doc>Sets frame identified by ``locator`` as the current frame.</doc>
<msg timestamp="20210707 11:48:32.228" level="INFO">Selecting frame '//iframe[@name="fin"]'.</msg>
<status status="PASS" starttime="20210707 11:48:32.227" endtime="20210707 11:48:33.110"/>
</kw>
<kw name="Click Button" library="SeleniumLibrary">
<arg>//button[@id="create_patient_btn1"]</arg>
<doc>Clicks the button identified by ``locator``.</doc>
<msg timestamp="20210707 11:48:33.112" level="INFO">Clicking button '//button[@id="create_patient_btn1"]'.</msg>
<status status="PASS" starttime="20210707 11:48:33.111" endtime="20210707 11:48:33.267"/>
</kw>
<status status="PASS" starttime="20210707 11:48:20.134" endtime="20210707 11:48:33.268"/>
</test>
<status status="PASS" starttime="20210707 11:48:19.850" endtime="20210707 11:48:33.270"/>
</suite>
<statistics>
<total>
<stat pass="1" fail="0" skip="0">All Tests</stat>
</total>
<tag>
</tag>
<suite>
<stat pass="1" fail="0" skip="0" id="s1" name="Selenium Test">Selenium Test</stat>
</suite>
</statistics>
<errors>
</errors>
</robot>
