<?xml version="1.0" encoding="UTF-8"?>
<robot generator="Robot 4.0.3 (Python 3.8.5 on win32)" generated="20210708 11:19:49.692" rpa="false" schemaversion="2">
<suite id="s1" name="Multiple" source="C:\Users\saravananbabhujs\Desktop\TestingRobot\Selenium Suite\Multiple.robot">
<test id="s1-t1" name="TC1">
<kw name="Close Browser" library="SeleniumLibrary">
<doc>Closes the current browser.</doc>
<status status="PASS" starttime="20210708 11:19:50.056" endtime="20210708 11:19:50.057"/>
</kw>
<kw name="Append To Environment Variable" library="OperatingSystem">
<arg>path</arg>
<arg>D:\\chromedriver</arg>
<doc>Appends given ``values`` to environment variable ``name``.</doc>
<msg timestamp="20210708 11:19:50.057" level="INFO">Environment variable 'path' set to value 'C:\Users\saravananbabhujs\Desktop\TestingRobot\venv\Scripts;C:\Program Files (x86)\Common Files\Oracle\Java\javapath;C:\WINDOWS\system32;C:\WINDOWS;C:\WINDOWS\System32\Wbem;C:\WINDOWS\System32\WindowsPowerShell\v1.0\;C:\WINDOWS\System32\OpenSSH\;C:\Program Files (x86)\Webex\Webex\Applications;C:\Program Files (x86)\Sennheiser\SenncomSDK\;C:\Program Files\Git\cmd;C:\Users\saravananbabhujs\AppData\Local\Programs\Python\Python38-32\Scripts\;C:\Users\saravananbabhujs\AppData\Local\Programs\Python\Python38-32\;C:\Users\saravananbabhujs\AppData\Local\Microsoft\WindowsApps;C:\Program Files\JetBrains\PyCharm Community Edition 2020.2.1\bin;;;D:\chromedriver'.</msg>
<status status="PASS" starttime="20210708 11:19:50.057" endtime="20210708 11:19:50.057"/>
</kw>
<kw name="Open Browser" library="SeleniumLibrary">
<arg>url=https://www.db4free.net/</arg>
<arg>browser=chrome</arg>
<doc>Opens a new browser instance to the optional ``url``.</doc>
<msg timestamp="20210708 11:19:50.058" level="INFO">Opening browser 'chrome' to base url 'https://www.db4free.net/'.</msg>
<status status="PASS" starttime="20210708 11:19:50.058" endtime="20210708 11:19:52.846"/>
</kw>
<kw name="Maximize Browser Window" library="SeleniumLibrary">
<doc>Maximizes current browser window.</doc>
<status status="PASS" starttime="20210708 11:19:52.847" endtime="20210708 11:19:52.982"/>
</kw>
<kw name="Set Selenium Implicit Wait" library="SeleniumLibrary">
<arg>30s</arg>
<doc>Sets the implicit wait value used by Selenium.</doc>
<status status="PASS" starttime="20210708 11:19:52.983" endtime="20210708 11:19:52.985"/>
</kw>
<kw name="Click Element" library="SeleniumLibrary">
<arg>//a[@href="/phpMyAdmin"]</arg>
<doc>Click the element identified by ``locator``.</doc>
<msg timestamp="20210708 11:19:52.987" level="INFO">Clicking element '//a[@href="/phpMyAdmin"]'.</msg>
<status status="PASS" starttime="20210708 11:19:52.986" endtime="20210708 11:19:53.173"/>
</kw>
<kw name="Get Window Handles" library="SeleniumLibrary">
<var>${handles}</var>
<doc>Returns all child window handles of the selected browser as a list.</doc>
<msg timestamp="20210708 11:19:53.180" level="INFO">${handles} = ['CDwindow-72F6AB3F16F6C2EE5ECBCA9A7C64A917', 'CDwindow-ECB5B9B8F14D30A2B3198957DDD52391']</msg>
<status status="PASS" starttime="20210708 11:19:53.176" endtime="20210708 11:19:53.180"/>
</kw>
<kw name="Switch Window" library="SeleniumLibrary">
<arg>${handles}[1]</arg>
<doc>Switches to browser window matching ``locator``.</doc>
<status status="PASS" starttime="20210708 11:19:53.181" endtime="20210708 11:19:53.321"/>
</kw>
<kw name="Get Title" library="SeleniumLibrary">
<var>${title}</var>
<doc>Returns the title of the current page.</doc>
<msg timestamp="20210708 11:19:55.909" level="INFO">${title} = phpMyAdmin</msg>
<status status="PASS" starttime="20210708 11:19:53.325" endtime="20210708 11:19:55.909"/>
</kw>
<kw name="Log" library="BuiltIn">
<arg>${title}</arg>
<doc>Logs the given message with the given level.</doc>
<msg timestamp="20210708 11:19:55.911" level="INFO">phpMyAdmin</msg>
<status status="PASS" starttime="20210708 11:19:55.910" endtime="20210708 11:19:55.911"/>
</kw>
<kw name="Log To Console" library="BuiltIn">
<arg>${title}</arg>
<doc>Logs the given message to the console.</doc>
<status status="PASS" starttime="20210708 11:19:55.911" endtime="20210708 11:19:55.911"/>
</kw>
<kw name="Input Text" library="SeleniumLibrary">
<arg>xpath=//input[@id="input_username"]</arg>
<arg>admin</arg>
<doc>Types the given ``text`` into the text field identified by ``locator``.</doc>
<msg timestamp="20210708 11:19:55.912" level="INFO">Typing text 'admin' into text field 'xpath=//input[@id="input_username"]'.</msg>
<status status="PASS" starttime="20210708 11:19:55.912" endtime="20210708 11:19:56.011"/>
</kw>
<status status="PASS" starttime="20210708 11:19:50.055" endtime="20210708 11:19:56.012"/>
</test>
<status status="PASS" starttime="20210708 11:19:49.694" endtime="20210708 11:19:56.015"/>
</suite>
<statistics>
<total>
<stat pass="1" fail="0" skip="0">All Tests</stat>
</total>
<tag>
</tag>
<suite>
<stat pass="1" fail="0" skip="0" id="s1" name="Multiple">Multiple</stat>
</suite>
</statistics>
<errors>
</errors>
</robot>
